<?xml version="1.0" encoding="UTF-8"?>
<!-- Generated by org.testng.reporters.JUnitXMLReporter -->
<testsuite ignored="2" hostname="Sallu" failures="0" tests="1" name="Default test" time="7.06" errors="0" timestamp="2024-05-21T19:45:23 BDT">
  <testcase classname="locators.RegularXpath" name="regularXpathTestForID" time="0.094"/>
  <testcase classname="locators.RegularXpath" name="regularXpathTestForClass" time="0.0">
    <ignored/>
  </testcase> <!-- regularXpathTestForClass -->
  <testcase classname="locators.RegularXpath" name="regularXpathTestForName" time="0.0">
    <ignored/>
  </testcase> <!-- regularXpathTestForName -->
</testsuite> <!-- Default test -->
