<?xml version="1.0" encoding="UTF-8"?>
<testng-results ignored="0" total="1" passed="1" failed="0" skipped="0">
  <reporter-output>
  </reporter-output>
  <suite started-at="2024-05-21T19:45:16 BDT" name="Default suite" finished-at="2024-05-21T19:45:23 BDT" duration-ms="7060">
    <groups>
    </groups>
    <test started-at="2024-05-21T19:45:16 BDT" name="Default test" finished-at="2024-05-21T19:45:23 BDT" duration-ms="7060">
      <class name="locators.RegularXpath">
        <test-method is-config="true" signature="openFacebook()[pri:0, instance:locators.RegularXpath@10e31a9a]" started-at="2024-05-21T19:45:16 BDT" name="openFacebook" finished-at="2024-05-21T19:45:22 BDT" duration-ms="6689" status="PASS">
          <reporter-output>
          </reporter-output>
        </test-method> <!-- openFacebook -->
        <test-method signature="regularXpathTestForID()[pri:0, instance:locators.RegularXpath@10e31a9a]" started-at="2024-05-21T19:45:22 BDT" name="regularXpathTestForID" finished-at="2024-05-21T19:45:23 BDT" duration-ms="94" status="PASS">
          <reporter-output>
          </reporter-output>
        </test-method> <!-- regularXpathTestForID -->
        <test-method is-config="true" signature="closeFacebook()[pri:0, instance:locators.RegularXpath@10e31a9a]" started-at="2024-05-21T19:45:23 BDT" name="closeFacebook" finished-at="2024-05-21T19:45:23 BDT" duration-ms="193" status="PASS">
          <reporter-output>
          </reporter-output>
        </test-method> <!-- closeFacebook -->
      </class> <!-- locators.RegularXpath -->
    </test> <!-- Default test -->
  </suite> <!-- Default suite -->
</testng-results>
