<?xml version="1.0" encoding="UTF-8"?>
<testng-results ignored="0" total="1" passed="1" failed="0" skipped="0">
  <reporter-output>
  </reporter-output>
  <suite started-at="2024-08-08T23:18:22 BDT" name="Default suite" finished-at="2024-08-08T23:18:28 BDT" duration-ms="5778">
    <groups>
    </groups>
    <test started-at="2024-08-08T23:18:22 BDT" name="Default test" finished-at="2024-08-08T23:18:28 BDT" duration-ms="5778">
      <class name="base.LoginTestWithMultipleBrowser">
        <test-method is-config="true" signature="openTest()[pri:0, instance:base.LoginTestWithMultipleBrowser@36902638]" started-at="2024-08-08T23:18:22 BDT" name="openTest" finished-at="2024-08-08T23:18:27 BDT" duration-ms="5038" status="PASS">
          <reporter-output>
          </reporter-output>
        </test-method> <!-- openTest -->
        <test-method signature="loginTest()[pri:0, instance:base.LoginTestWithMultipleBrowser@36902638]" started-at="2024-08-08T23:18:27 BDT" name="loginTest" finished-at="2024-08-08T23:18:27 BDT" duration-ms="367" status="PASS">
          <reporter-output>
          </reporter-output>
        </test-method> <!-- loginTest -->
        <test-method is-config="true" signature="closeTest()[pri:0, instance:base.LoginTestWithMultipleBrowser@36902638]" started-at="2024-08-08T23:18:27 BDT" name="closeTest" finished-at="2024-08-08T23:18:28 BDT" duration-ms="272" status="PASS">
          <reporter-output>
          </reporter-output>
        </test-method> <!-- closeTest -->
      </class> <!-- base.LoginTestWithMultipleBrowser -->
    </test> <!-- Default test -->
  </suite> <!-- Default suite -->
</testng-results>
